<?xml version="1.0" encoding="UTF-8"?>
<testsuite xmlns:xsi="http://www.w3.org/2001/XMLSchema-instance" xsi:noNamespaceSchemaLocation="https://maven.apache.org/surefire/maven-surefire-plugin/xsd/surefire-test-report-3.0.xsd" version="3.0" name="testrunner.TestRunner" time="24.17" tests="5" errors="0" skipped="0" failures="1">
  <properties>
[...]
</properties>
  <testcase name="Add product to basket" classname="Add Product Functionality" time="4.355">
    <system-out><![CDATA[
Scenario: Add product to basket       # src/test/resources/features/addproduct.feature:3
  Given I am on the product home page # stepdefinitions.AddproductStepDefinition.i_am_on_the_home_page()
  When I click on product laptops     # stepdefinitions.AddproductStepDefinition.i_click_on_a_product_type()
  And I click on laptop               # stepdefinitions.AddproductStepDefinition.i_click_on_a_product()
  And I click add to basket           # stepdefinitions.AddproductStepDefinition.i_click_add_to_basket()
  And I go to the basket              # stepdefinitions.AddproductStepDefinition.i_go_to_the_basket()
  Then Item is added to basket        # stepdefinitions.AddproductStepDefinition.item_is_added_to_basket()
]]></system-out>
    <system-err><![CDATA[SLF4J(W): No SLF4J providers were found.
SLF4J(W): Defaulting to no-operation (NOP) logger implementation
SLF4J(W): See https://www.slf4j.org/codes.html#noProviders for further details.
Jun 13, 2024 2:32:15 PM org.openqa.selenium.devtools.CdpVersionFinder findNearestMatch
WARNING: Unable to find an exact match for CDP version 126, returning the closest version; found: 125; Please update to a Selenium version that supports CDP version 126
]]></system-err>
  </testcase>
  <testcase name="Checkout product in basket" classname="Checkout Product Functionality" time="4.915">
    <system-out><![CDATA[
Scenario: Checkout product in basket   # src/test/resources/features/checkout.feature:3
  Given I am on the current home page  # stepdefinitions.CheckoutStepDefinition.i_am_on_the_current_home_page()
  When I click on desired product type # stepdefinitions.CheckoutStepDefinition.i_click_on_desired_product_type()
  And I click on desired laptop        # stepdefinitions.CheckoutStepDefinition.I_click_on_desired_laptop()
  And I click add to cart              # stepdefinitions.CheckoutStepDefinition.i_click_add_to_cart()
  And I navigate to the basket         # stepdefinitions.CheckoutStepDefinition.i_navigate_to_the_basket()
  And I navigate to place order        # stepdefinitions.CheckoutStepDefinition.i_navigate_to_place_order()
  And I enter my name                  # stepdefinitions.CheckoutStepDefinition.i_enter_my_name()
  And I enter my country               # stepdefinitions.CheckoutStepDefinition.i_enter_my_country()
  And I enter my city                  # stepdefinitions.CheckoutStepDefinition.i_enter_my_city()
  And I enter my card                  # stepdefinitions.CheckoutStepDefinition.i_enter_my_card()
  And I enter my month                 # stepdefinitions.CheckoutStepDefinition.i_enter_my_month()
  And I enter my year                  # stepdefinitions.CheckoutStepDefinition.i_enter_my_year()
  And I click purchase                 # stepdefinitions.CheckoutStepDefinition.i_click_purchase()
  Then Item is purchased               # stepdefinitions.CheckoutStepDefinition.item_is_purchased()
]]></system-out>
    <system-err><![CDATA[Jun 13, 2024 2:32:18 PM org.openqa.selenium.devtools.CdpVersionFinder findNearestMatch
WARNING: Unable to find an exact match for CDP version 126, returning the closest version; found: 125; Please update to a Selenium version that supports CDP version 126
]]></system-err>
  </testcase>
  <testcase name="Successfully filter products" classname="Filter Functionality" time="1.989">
    <system-out><![CDATA[
Scenario: Successfully filter products             # src/test/resources/features/filter.feature:3
  Given I am on the home page                      # stepdefinitions.FilterStepDefinition.i_am_on_the_home_page()
  When I click on a product type                   # stepdefinitions.FilterStepDefinition.i_click_on_a_product_type()
  Then I should be redirected to that product type # stepdefinitions.FilterStepDefinition.i_should_be_redirected_to_that_product_type()
]]></system-out>
    <system-err><![CDATA[Jun 13, 2024 2:32:23 PM org.openqa.selenium.devtools.CdpVersionFinder findNearestMatch
WARNING: Unable to find an exact match for CDP version 126, returning the closest version; found: 125; Please update to a Selenium version that supports CDP version 126
]]></system-err>
  </testcase>
  <testcase name="Checkout product in basket" classname="Negative Checkout Product Functionality" time="9.724">
    <failure message="Could progress, should not be possible." type="java.lang.AssertionError"><![CDATA[java.lang.AssertionError: Could progress, should not be possible.
	at org.junit.Assert.fail(Assert.java:89)
	at org.junit.Assert.assertTrue(Assert.java:42)
	at org.junit.Assert.assertFalse(Assert.java:65)
	at stepdefinitions.NegativeCheckout.item_is_purchased_1(NegativeCheckout.java:131)
	at ✽.Item is purchased 1(file:///C:/Users/Sean.Wilkinson/Documents/AcademyA34/prep/UpskillingCucumber2/src/test/resources/features/negativecheckout.feature:17)
]]></failure>
    <system-out><![CDATA[
Scenario: Checkout product in basket     # src/test/resources/features/negativecheckout.feature:3
  Given I am on the current home page 1  # stepdefinitions.NegativeCheckout.i_am_on_the_current_home_page_1()
  When I click on desired product type 1 # stepdefinitions.NegativeCheckout.i_click_on_desired_product_type_1()
  And I click on desired laptop 1        # stepdefinitions.NegativeCheckout.I_click_on_desired_laptop_1()
  And I click add to cart 1              # stepdefinitions.NegativeCheckout.i_click_add_to_cart_1()
  And I navigate to the basket 1         # stepdefinitions.NegativeCheckout.i_navigate_to_the_basket_1()
  And I navigate to place order 1        # stepdefinitions.NegativeCheckout.i_navigate_to_place_order_1()
  And I enter my name 1                  # stepdefinitions.NegativeCheckout.i_enter_my_name_1()
  And I enter my country 1               # stepdefinitions.NegativeCheckout.i_enter_my_country_1()
  And I enter my city 1                  # stepdefinitions.NegativeCheckout.i_enter_my_city_1()
  And I enter my card 1                  # stepdefinitions.NegativeCheckout.i_enter_my_card_1()
  And I enter my month 1                 # stepdefinitions.NegativeCheckout.i_enter_my_month_1()
  And I enter my year 1                  # stepdefinitions.NegativeCheckout.i_enter_my_year_1()
  And I click purchase 1                 # stepdefinitions.NegativeCheckout.i_click_purchase()
  Then Item is purchased 1               # stepdefinitions.NegativeCheckout.item_is_purchased_1()
      java.lang.AssertionError: Could progress, should not be possible.
	at org.junit.Assert.fail(Assert.java:89)
	at org.junit.Assert.assertTrue(Assert.java:42)
	at org.junit.Assert.assertFalse(Assert.java:65)
	at stepdefinitions.NegativeCheckout.item_is_purchased_1(NegativeCheckout.java:131)
	at ✽.Item is purchased 1(file:///C:/Users/Sean.Wilkinson/Documents/AcademyA34/prep/UpskillingCucumber2/src/test/resources/features/negativecheckout.feature:17)

]]></system-out>
    <system-err><![CDATA[Jun 13, 2024 2:32:25 PM org.openqa.selenium.devtools.CdpVersionFinder findNearestMatch
WARNING: Unable to find an exact match for CDP version 126, returning the closest version; found: 125; Please update to a Selenium version that supports CDP version 126
]]></system-err>
  </testcase>
  <testcase name="Successfully search for product" classname="Search Functionality" time="2.724">
    <system-out><![CDATA[
Scenario: Successfully search for product # src/test/resources/features/searchitem.feature:3
  Given I am on the home                  # stepdefinitions.SeachStepDefinition.i_am_on_the_current_home()
  When I click on product type monitor    # stepdefinitions.SeachStepDefinition.i_click_on_product_type_monitor()
  And I click on a monitor                # stepdefinitions.SeachStepDefinition.I_click_on_a_monitor()
  Then I should be shown the monitor      # stepdefinitions.SeachStepDefinition.i_should_be_shown_the_monitor()
]]></system-out>
    <system-err><![CDATA[Jun 13, 2024 2:32:35 PM org.openqa.selenium.devtools.CdpVersionFinder findNearestMatch
WARNING: Unable to find an exact match for CDP version 126, returning the closest version; found: 125; Please update to a Selenium version that supports CDP version 126
]]></system-err>
  </testcase>
</testsuite>