<?xml version="1.0" encoding="UTF-8"?>
<testsuite xmlns:xsi="http://www.w3.org/2001/XMLSchema-instance" xsi:noNamespaceSchemaLocation="https://maven.apache.org/surefire/maven-surefire-plugin/xsd/surefire-test-report-3.0.xsd" version="3.0" name="testrunner.TestRunner" time="16.249" tests="4" errors="0" skipped="0" failures="0">
  <properties>
[...]
</properties>
  <testcase name="Add product to basket" classname="Add Product Functionality" time="4.643">
    <system-out><![CDATA[
Scenario: Add product to basket       # src/test/resources/features/addproduct.feature:3
  Given I am on the product home page # stepdefinitions.AddproductStepDefinition.i_am_on_the_home_page()
  When I click on product laptops     # stepdefinitions.AddproductStepDefinition.i_click_on_a_product_type()
  And I click on laptop               # stepdefinitions.AddproductStepDefinition.i_click_on_a_product()
  And I click add to basket           # stepdefinitions.AddproductStepDefinition.i_click_add_to_basket()
  And I go to the basket              # stepdefinitions.AddproductStepDefinition.i_go_to_the_basket()
  Then Item is added to basket        # stepdefinitions.AddproductStepDefinition.item_is_added_to_basket()
]]></system-out>
    <system-err><![CDATA[SLF4J(W): No SLF4J providers were found.
SLF4J(W): Defaulting to no-operation (NOP) logger implementation
SLF4J(W): See https://www.slf4j.org/codes.html#noProviders for further details.
Jun 13, 2024 12:15:05 AM org.openqa.selenium.devtools.CdpVersionFinder findNearestMatch
WARNING: Unable to find an exact match for CDP version 126, returning the closest version; found: 125; Please update to a Selenium version that supports CDP version 126
]]></system-err>
  </testcase>
  <testcase name="Checkout product in basket" classname="Checkout Product Functionality" time="5.788">
    <system-out><![CDATA[
Scenario: Checkout product in basket   # src/test/resources/features/checkout.feature:3
  Given I am on the current home page  # stepdefinitions.CheckoutStepDefinition.i_am_on_the_current_home_page()
  When I click on desired product type # stepdefinitions.CheckoutStepDefinition.i_click_on_desired_product_type()
  And I click on desired laptop        # stepdefinitions.CheckoutStepDefinition.I_click_on_desired_laptop()
  And I click add to cart              # stepdefinitions.CheckoutStepDefinition.i_click_add_to_cart()
  And I navigate to the basket         # stepdefinitions.CheckoutStepDefinition.i_navigate_to_the_basket()
  And I navigate to place order        # stepdefinitions.CheckoutStepDefinition.i_navigate_to_place_order()
  And I enter my name                  # stepdefinitions.CheckoutStepDefinition.i_enter_my_name()
  And I enter my country               # stepdefinitions.CheckoutStepDefinition.i_enter_my_country()
  And I enter my city                  # stepdefinitions.CheckoutStepDefinition.i_enter_my_city()
  And I enter my card                  # stepdefinitions.CheckoutStepDefinition.i_enter_my_card()
  And I enter my month                 # stepdefinitions.CheckoutStepDefinition.i_enter_my_month()
  And I enter my year                  # stepdefinitions.CheckoutStepDefinition.i_enter_my_year()
  And I click purchase                 # stepdefinitions.CheckoutStepDefinition.i_click_purchase()
  Then Item is purchased               # stepdefinitions.CheckoutStepDefinition.item_is_purchased()
]]></system-out>
    <system-err><![CDATA[Jun 13, 2024 12:15:09 AM org.openqa.selenium.devtools.CdpVersionFinder findNearestMatch
WARNING: Unable to find an exact match for CDP version 126, returning the closest version; found: 125; Please update to a Selenium version that supports CDP version 126
]]></system-err>
  </testcase>
  <testcase name="Successfully filter products" classname="Filter Functionality" time="2.152">
    <system-out><![CDATA[
Scenario: Successfully filter products             # src/test/resources/features/filter.feature:3
  Given I am on the home page                      # stepdefinitions.FilterStepDefinition.i_am_on_the_home_page()
  When I click on a product type                   # stepdefinitions.FilterStepDefinition.i_click_on_a_product_type()
  Then I should be redirected to that product type # stepdefinitions.FilterStepDefinition.i_should_be_redirected_to_that_product_type()
]]></system-out>
    <system-err><![CDATA[Jun 13, 2024 12:15:15 AM org.openqa.selenium.devtools.CdpVersionFinder findNearestMatch
WARNING: Unable to find an exact match for CDP version 126, returning the closest version; found: 125; Please update to a Selenium version that supports CDP version 126
]]></system-err>
  </testcase>
  <testcase name="Successfully search for product" classname="Search Functionality" time="2.91">
    <system-out><![CDATA[
Scenario: Successfully search for product # src/test/resources/features/searchitem.feature:3
  Given I am on the home                  # stepdefinitions.SeachStepDefinition.i_am_on_the_current_home()
  When I click on product type monitor    # stepdefinitions.SeachStepDefinition.i_click_on_product_type_monitor()
  And I click on a monitor                # stepdefinitions.SeachStepDefinition.I_click_on_a_monitor()
  Then I should be shown the monitor      # stepdefinitions.SeachStepDefinition.i_should_be_shown_the_monitor()
]]></system-out>
    <system-err><![CDATA[Jun 13, 2024 12:15:17 AM org.openqa.selenium.devtools.CdpVersionFinder findNearestMatch
WARNING: Unable to find an exact match for CDP version 126, returning the closest version; found: 125; Please update to a Selenium version that supports CDP version 126
]]></system-err>
  </testcase>
</testsuite>